<?xml version="1.0" encoding="UTF-8"?>
<!-- Generated by org.testng.reporters.JUnitReportReporter -->
<testsuite skipped="0" hostname="WINDOWS-IL9T34B" name="GaneshBorkar.JobSearch.Monster" tests="2" failures="0" timestamp="10 Jun 2020 11:42:17 GMT" time="30.460" errors="0">
  <testcase name="updateProfile" time="24.172" classname="GaneshBorkar.JobSearch.Monster"/>
  <testcase name="login" time="6.288" classname="GaneshBorkar.JobSearch.Monster"/>
</testsuite> <!-- GaneshBorkar.JobSearch.Monster -->
