<?xml version="1.0" encoding="UTF-8"?>
<!-- Generated by org.testng.reporters.JUnitReportReporter -->
<testsuite skipped="0" hostname="WINDOWS-IL9T34B" name="GaneshBorkar.JobSearch.Naukri" tests="2" failures="0" timestamp="10 Jun 2020 17:34:58 GMT" time="25.173" errors="0">
  <testcase name="updateProfile" time="13.853" classname="GaneshBorkar.JobSearch.Naukri"/>
  <testcase name="login" time="11.320" classname="GaneshBorkar.JobSearch.Naukri"/>
</testsuite> <!-- GaneshBorkar.JobSearch.Naukri -->
