<?xml version="1.0" encoding="UTF-8"?>
<!-- Generated by org.testng.reporters.JUnitReportReporter -->
<testsuite hostname="WINDOWS-IL9T34B" failures="0" tests="2" name="GaneshBorkar.JobSearch.Monster" time="28.312" errors="0" timestamp="10 Jun 2020 18:16:22 GMT" skipped="0">
  <testcase classname="GaneshBorkar.JobSearch.Monster" name="updateProfile" time="24.607"/>
  <testcase classname="GaneshBorkar.JobSearch.Monster" name="login" time="3.705"/>
</testsuite> <!-- GaneshBorkar.JobSearch.Monster -->
